#
# There is insufficient memory for the Java Runtime Environment to continue.
# Native memory allocation (mmap) failed to map 394264576 bytes for G1 virtual space
# Possible reasons:
#   The system is out of physical RAM or swap space
#   The process is running with CompressedOops enabled, and the Java Heap may be blocking the growth of the native heap
# Possible solutions:
#   Reduce memory load on the system
#   Increase physical memory or swap space
#   Check if swap backing store is full
#   Decrease Java heap size (-Xmx/-Xms)
#   Decrease number of Java threads
#   Decrease Java thread stack sizes (-Xss)
#   Set larger code cache with -XX:ReservedCodeCacheSize=
#   JVM is running with Zero Based Compressed Oops mode in which the Java heap is
#     placed in the first 32GB address space. The Java Heap base address is the
#     maximum limit for the native heap growth. Please use -XX:HeapBaseMinAddress
#     to set the Java Heap base and to place the Java Heap above 32GB virtual address.
# This output file may be truncated or incomplete.
#
#  Out of Memory Error (os_windows.cpp:3548), pid=5364, tid=5900
#
# JRE version:  (17.0.10+11) (build )
# Java VM: Java HotSpot(TM) 64-Bit Server VM (17.0.10+11-LTS-240, mixed mode, emulated-client, sharing, tiered, compressed oops, compressed class ptrs, g1 gc, windows-amd64)
# No core dump will be written. Minidumps are not enabled by default on client versions of Windows
#

---------------  S U M M A R Y ------------

Command Line: -XX:TieredStopAtLevel=1 -Dspring.output.ansi.enabled=always -Dcom.sun.management.jmxremote -Dspring.jmx.enabled=true -Dspring.liveBeansView.mbeanDomain -Dspring.application.admin.enabled=true -Dmanagement.endpoints.jmx.exposure.include=* -javaagent:D:\GAME AND APPS\IntelliJ IDEA 2024.1.4\lib\idea_rt.jar=50174:D:\GAME AND APPS\IntelliJ IDEA 2024.1.4\bin -Dfile.encoding=UTF-8 org.example.baitapbuoi3.bangiaythethaosneaker.BanGiayTheThaoSneakerApplication

Host: AMD Ryzen 5 5600H with Radeon Graphics         , 12 cores, 23G,  Windows 11 , 64 bit Build 22621 (10.0.22621.2506)
Time: Wed Oct 30 00:20:08 2024 SE Asia Standard Time elapsed time: 0.009971 seconds (0d 0h 0m 0s)

---------------  T H R E A D  ---------------

Current thread (0x000001f7c95d1da0):  JavaThread "Unknown thread" [_thread_in_vm, id=5900, stack(0x000000d7e4700000,0x000000d7e4800000)]

Stack: [0x000000d7e4700000,0x000000d7e4800000]
Native frames: (J=compiled Java code, j=interpreted, Vv=VM code, C=native code)
V  [jvm.dll+0x677a5a]
V  [jvm.dll+0x7d8b2d]
V  [jvm.dll+0x7da48e]
V  [jvm.dll+0x7daaf3]
V  [jvm.dll+0x2455ff]
V  [jvm.dll+0x6749b9]
V  [jvm.dll+0x669382]
V  [jvm.dll+0x302e96]
V  [jvm.dll+0x30a416]
V  [jvm.dll+0x359cbe]
V  [jvm.dll+0x359eef]
V  [jvm.dll+0x2d9e88]
V  [jvm.dll+0x2dadf4]
V  [jvm.dll+0x7aa551]
V  [jvm.dll+0x367911]
V  [jvm.dll+0x789639]
V  [jvm.dll+0x3eb30f]
V  [jvm.dll+0x3ecd91]
C  [jli.dll+0x5297]
C  [ucrtbase.dll+0x29363]
C  [KERNEL32.DLL+0x1257d]
C  [ntdll.dll+0x5aa58]


---------------  P R O C E S S  ---------------

Threads class SMR info:
_java_thread_list=0x00007ffe3a4f6a18, length=0, elements={
}

Java Threads: ( => current thread )

Other Threads:
  0x000001f7c9659fa0 GCTaskThread "GC Thread#0" [stack: 0x000000d7e4800000,0x000000d7e4900000] [id=2772]
  0x000001f7c96668c0 ConcurrentGCThread "G1 Main Marker" [stack: 0x000000d7e4900000,0x000000d7e4a00000] [id=1752]
  0x000001f7c9667980 ConcurrentGCThread "G1 Conc#0" [stack: 0x000000d7e4a00000,0x000000d7e4b00000] [id=4084]

[error occurred during error reporting (printing all threads), id 0xc0000005, EXCEPTION_ACCESS_VIOLATION (0xc0000005) at pc=0x00007ffe39d2aae7]

VM state: not at safepoint (not fully initialized)

VM Mutex/Monitor currently owned by a thread:  ([mutex/lock_event])
[0x000001f7c95ceeb0] Heap_lock - owner thread: 0x000001f7c95d1da0

Heap address: 0x000000068a800000, size: 5976 MB, Compressed Oops mode: Zero based, Oop shift amount: 3

CDS archive(s) mapped at: [0x0000000000000000-0x0000000000000000-0x0000000000000000), size 0, SharedBaseAddress: 0x0000000800000000, ArchiveRelocationMode: 1.
Narrow klass base: 0x0000000000000000, Narrow klass shift: 0, Narrow klass range: 0x0

GC Precious Log:
<Empty>

Heap:
 garbage-first heap   total 0K, used 0K [0x000000068a800000, 0x0000000800000000)
  region size 4096K, 0 young (0K), 0 survivors (0K)

[error occurred during error reporting (printing heap information), id 0xc0000005, EXCEPTION_ACCESS_VIOLATION (0xc0000005) at pc=0x00007ffe3a111249]

GC Heap History (0 events):
No events

Deoptimization events (0 events):
No events

Classes unloaded (0 events):
No events

Classes redefined (0 events):
No events

Internal exceptions (0 events):
No events

VM Operations (0 events):
No events

Events (1 events):
Event: 0.007 Loaded shared library D:\Java\jdk-17\bin\java.dll


Dynamic libraries:
0x00007ff6dd120000 - 0x00007ff6dd130000 	D:\Java\jdk-17\bin\java.exe
0x00007ffe7feb0000 - 0x00007ffe800c7000 	C:\windows\SYSTEM32\ntdll.dll
0x00007ffe7f0e0000 - 0x00007ffe7f1a4000 	C:\windows\System32\KERNEL32.DLL
0x00007ffe7d310000 - 0x00007ffe7d6b6000 	C:\windows\System32\KERNELBASE.dll
0x00007ffe7d790000 - 0x00007ffe7d8a1000 	C:\windows\System32\ucrtbase.dll
0x00007ffe78390000 - 0x00007ffe783a9000 	D:\Java\jdk-17\bin\jli.dll
0x00007ffe787d0000 - 0x00007ffe787eb000 	D:\Java\jdk-17\bin\VCRUNTIME140.dll
0x00007ffe7f920000 - 0x00007ffe7f9d3000 	C:\windows\System32\ADVAPI32.dll
0x00007ffe7f9e0000 - 0x00007ffe7fa87000 	C:\windows\System32\msvcrt.dll
0x00007ffe7e960000 - 0x00007ffe7ea08000 	C:\windows\System32\sechost.dll
0x00007ffe7da60000 - 0x00007ffe7da88000 	C:\windows\System32\bcrypt.dll
0x00007ffe7eaf0000 - 0x00007ffe7ec07000 	C:\windows\System32\RPCRT4.dll
0x00007ffe7fab0000 - 0x00007ffe7fc5e000 	C:\windows\System32\USER32.dll
0x00007ffe6eca0000 - 0x00007ffe6ef33000 	C:\windows\WinSxS\amd64_microsoft.windows.common-controls_6595b64144ccf1df_6.0.22621.2506_none_270c5ae97388e100\COMCTL32.dll
0x00007ffe7d6c0000 - 0x00007ffe7d6e6000 	C:\windows\System32\win32u.dll
0x00007ffe7fc60000 - 0x00007ffe7fc89000 	C:\windows\System32\GDI32.dll
0x00007ffe7d1f0000 - 0x00007ffe7d308000 	C:\windows\System32\gdi32full.dll
0x00007ffe7d6f0000 - 0x00007ffe7d78a000 	C:\windows\System32\msvcp_win.dll
0x00007ffe764f0000 - 0x00007ffe764fa000 	C:\windows\SYSTEM32\VERSION.dll
0x00007ffe7f430000 - 0x00007ffe7f461000 	C:\windows\System32\IMM32.DLL
0x00007ffe77990000 - 0x00007ffe7799c000 	D:\Java\jdk-17\bin\vcruntime140_1.dll
0x00007ffe77900000 - 0x00007ffe7798e000 	D:\Java\jdk-17\bin\msvcp140.dll
0x00007ffe39a40000 - 0x00007ffe3a61f000 	D:\Java\jdk-17\bin\server\jvm.dll
0x00007ffe7fa90000 - 0x00007ffe7fa98000 	C:\windows\System32\PSAPI.DLL
0x00007ffe5d630000 - 0x00007ffe5d639000 	C:\windows\SYSTEM32\WSOCK32.dll
0x00007ffe76b00000 - 0x00007ffe76b34000 	C:\windows\SYSTEM32\WINMM.dll
0x00007ffe7fcf0000 - 0x00007ffe7fd61000 	C:\windows\System32\WS2_32.dll
0x00007ffe7c220000 - 0x00007ffe7c238000 	C:\windows\SYSTEM32\kernel.appcore.dll
0x00007ffe778f0000 - 0x00007ffe778fa000 	D:\Java\jdk-17\bin\jimage.dll
0x00007ffe72860000 - 0x00007ffe72a93000 	C:\windows\SYSTEM32\DBGHELP.DLL
0x00007ffe7ec10000 - 0x00007ffe7ef99000 	C:\windows\System32\combase.dll
0x00007ffe7ea10000 - 0x00007ffe7eae7000 	C:\windows\System32\OLEAUT32.dll
0x00007ffe62050000 - 0x00007ffe62082000 	C:\windows\SYSTEM32\dbgcore.DLL
0x00007ffe7d970000 - 0x00007ffe7d9ea000 	C:\windows\System32\bcryptPrimitives.dll
0x00007ffe77470000 - 0x00007ffe7747e000 	D:\Java\jdk-17\bin\instrument.dll
0x00007ffe778c0000 - 0x00007ffe778e5000 	D:\Java\jdk-17\bin\java.dll

dbghelp: loaded successfully - version: 4.0.5 - missing functions: none
symbol engine: initialized successfully - sym options: 0x614 - pdb path: .;D:\Java\jdk-17\bin;C:\windows\SYSTEM32;C:\windows\WinSxS\amd64_microsoft.windows.common-controls_6595b64144ccf1df_6.0.22621.2506_none_270c5ae97388e100;D:\Java\jdk-17\bin\server

VM Arguments:
jvm_args: -XX:TieredStopAtLevel=1 -Dspring.output.ansi.enabled=always -Dcom.sun.management.jmxremote -Dspring.jmx.enabled=true -Dspring.liveBeansView.mbeanDomain -Dspring.application.admin.enabled=true -Dmanagement.endpoints.jmx.exposure.include=* -javaagent:D:\GAME AND APPS\IntelliJ IDEA 2024.1.4\lib\idea_rt.jar=50174:D:\GAME AND APPS\IntelliJ IDEA 2024.1.4\bin -Dfile.encoding=UTF-8 
java_command: org.example.baitapbuoi3.bangiaythethaosneaker.BanGiayTheThaoSneakerApplication
java_class_path (initial): D:\HOCTAP\Java6\banGiayTheThaoSneakerTest\target\classes;C:\Users\ADMIN\.m2\repository\org\springframework\boot\spring-boot-starter-web\3.3.3\spring-boot-starter-web-3.3.3.jar;C:\Users\ADMIN\.m2\repository\org\springframework\boot\spring-boot-starter\3.3.3\spring-boot-starter-3.3.3.jar;C:\Users\ADMIN\.m2\repository\org\springframework\boot\spring-boot-starter-logging\3.3.3\spring-boot-starter-logging-3.3.3.jar;C:\Users\ADMIN\.m2\repository\ch\qos\logback\logback-classic\1.5.7\logback-classic-1.5.7.jar;C:\Users\ADMIN\.m2\repository\ch\qos\logback\logback-core\1.5.7\logback-core-1.5.7.jar;C:\Users\ADMIN\.m2\repository\org\apache\logging\log4j\log4j-to-slf4j\2.23.1\log4j-to-slf4j-2.23.1.jar;C:\Users\ADMIN\.m2\repository\org\apache\logging\log4j\log4j-api\2.23.1\log4j-api-2.23.1.jar;C:\Users\ADMIN\.m2\repository\org\slf4j\jul-to-slf4j\2.0.16\jul-to-slf4j-2.0.16.jar;C:\Users\ADMIN\.m2\repository\org\yaml\snakeyaml\2.2\snakeyaml-2.2.jar;C:\Users\ADMIN\.m2\repository\org\springframework\boot\spring-boot-starter-json\3.3.3\spring-boot-starter-json-3.3.3.jar;C:\Users\ADMIN\.m2\repository\com\fasterxml\jackson\core\jackson-databind\2.17.2\jackson-databind-2.17.2.jar;C:\Users\ADMIN\.m2\repository\com\fasterxml\jackson\core\jackson-annotations\2.17.2\jackson-annotations-2.17.2.jar;C:\Users\ADMIN\.m2\repository\com\fasterxml\jackson\core\jackson-core\2.17.2\jackson-core-2.17.2.jar;C:\Users\ADMIN\.m2\repository\com\fasterxml\jackson\datatype\jackson-datatype-jdk8\2.17.2\jackson-datatype-jdk8-2.17.2.jar;C:\Users\ADMIN\.m2\repository\com\fasterxml\jackson\datatype\jackson-datatype-jsr310\2.17.2\jackson-datatype-jsr310-2.17.2.jar;C:\Users\ADMIN\.m2\repository\com\fasterxml\jackson\module\jackson-module-parameter-names\2.17.2\jackson-module-parameter-names-2.17.2.jar;C:\Users\ADMIN\.m2\repository\org\springframework\spring-web\6.1.12\spring-web-6.1.12.jar;C:\Users\ADMIN\.m2\repository\org\springframework\spring-beans\6.1.12\spring-beans-6.1.12.jar;C:\User
Launcher Type: SUN_STANDARD

[Global flags]
     intx CICompilerCount                          = 4                                         {product} {ergonomic}
     uint ConcGCThreads                            = 3                                         {product} {ergonomic}
     uint G1ConcRefinementThreads                  = 10                                        {product} {ergonomic}
   size_t G1HeapRegionSize                         = 4194304                                   {product} {ergonomic}
    uintx GCDrainStackTargetSize                   = 64                                        {product} {ergonomic}
   size_t InitialHeapSize                          = 394264576                                 {product} {ergonomic}
     bool ManagementServer                         = true                                      {product} {command line}
   size_t MarkStackSize                            = 4194304                                   {product} {ergonomic}
   size_t MaxHeapSize                              = 6266290176                                {product} {ergonomic}
   size_t MinHeapDeltaBytes                        = 4194304                                   {product} {ergonomic}
   size_t MinHeapSize                              = 8388608                                   {product} {ergonomic}
    uintx NonProfiledCodeHeapSize                  = 0                                      {pd product} {ergonomic}
     bool ProfileInterpreter                       = false                                  {pd product} {command line}
    uintx ProfiledCodeHeapSize                     = 0                                      {pd product} {ergonomic}
   size_t SoftMaxHeapSize                          = 6266290176                             {manageable} {ergonomic}
     intx TieredStopAtLevel                        = 1                                         {product} {command line}
     bool UseCompressedClassPointers               = true                           {product lp64_product} {ergonomic}
     bool UseCompressedOops                        = true                           {product lp64_product} {ergonomic}
     bool UseG1GC                                  = true                                      {product} {ergonomic}
     bool UseLargePagesIndividualAllocation        = false                                  {pd product} {ergonomic}

Logging:
Log output configuration:
 #0: stdout all=warning uptime,level,tags
 #1: stderr all=off uptime,level,tags

Environment Variables:
PATH=C:\Program Files (x86)\Common Files\Intel\Shared Libraries\redist\intel64\compiler;C:\Program Files\NVIDIA GPU Computing Toolkit\CUDA\v12.2\bin;C:\Program Files\NVIDIA GPU Computing Toolkit\CUDA\v12.2\libnvvp;C:\Program Files\Common Files\Oracle\Java\javapath;C:\Program Files (x86)\Common Files\Oracle\Java\javapath;C:\windows\system32;C:\windows;C:\windows\System32\Wbem;C:\windows\System32\WindowsPowerShell\v1.0\;C:\windows\System32\OpenSSH\;C:\Program Files (x86)\NVIDIA Corporation\PhysX\Common;C:\windows\system32;C:\windows;C:\windows\System32\Wbem;C:\windows\System32\WindowsPowerShell\v1.0\;C:\windows\System32\OpenSSH\;C:\Program Files (x86)\Microsoft SQL Server\160\DTS\Binn\;C:\Program Files (x86)\Microsoft SQL Server\160\Tools\Binn\;C:\Program Files\Microsoft SQL Server\160\Tools\Binn\;C:\Program Files\Microsoft SQL Server\Client SDK\ODBC\170\Tools\Binn\;C:\Program Files\Microsoft SQL Server\160\DTS\Binn\;D:\GAME AND APPS\Cmake\bin;C:\Program Files\Microsoft SQL Server\150\Tools\Binn\;C:\Program Files\NVIDIA Corporation\Nsight Compute 2023.2.0\;C:\Program Files\dotnet\;C:\Program Files\ffmpeg\bin;C:\Program Files\Git\cmd;C:\Program Files\NVIDIA Corporation\NVIDIA app\NvDLISR;C:\Program Files\7-Zip;C:\Users\ADMIN\AppData\Local\Programs\Python\Python310\Scripts\;C:\Users\ADMIN\AppData\Local\Programs\Python\Python310\;C:\Users\ADMIN\AppData\Local\Programs\Python\Python311\Scripts\;C:\Users\ADMIN\AppData\Local\Programs\Python\Python311\;C:\Users\ADMIN\AppData\Local\Microsoft\WindowsApps;E:\APPS\Microsoft VS Code\bin;C:\Program Files\Azure Data Studio\bin;C:\Users\ADMIN\AppData\Roaming\npm;D:\GAME AND APPS\IntelliJ IDEA 2024.1.4\bin;;C:\Program Files\WinRAR;C:\Program Files\ffmpeg\bin;
USERNAME=ADMIN
OS=Windows_NT
PROCESSOR_IDENTIFIER=AMD64 Family 25 Model 80 Stepping 0, AuthenticAMD



---------------  S Y S T E M  ---------------

OS:
 Windows 11 , 64 bit Build 22621 (10.0.22621.2506)
OS uptime: 0 days 0:11 hours

CPU: total 12 (initial active 12) (12 cores per cpu, 2 threads per core) family 25 model 80 stepping 0 microcode 0x0, cx8, cmov, fxsr, ht, mmx, 3dnowpref, sse, sse2, sse3, ssse3, sse4a, sse4.1, sse4.2, popcnt, lzcnt, tsc, tscinvbit, avx, avx2, aes, erms, clmul, bmi1, bmi2, adx, sha, fma, vzeroupper, clflush, clflushopt

Memory: 4k page, system-wide physical 23903M (2090M free)
TotalPageFile size 23903M (AvailPageFile size 310M)
current process WorkingSet (physical memory assigned to process): 11M, peak: 11M
current process commit charge ("private bytes"): 59M, peak: 435M

vm_info: Java HotSpot(TM) 64-Bit Server VM (17.0.10+11-LTS-240) for windows-amd64 JRE (17.0.10+11-LTS-240), built on Dec 19 2023 21:47:25 by "mach5one" with MS VC++ 17.1 (VS2022)

END.
